<?xml version="1.0" encoding="UTF-8" ?>
<testsuite tests="6" failures="0" name="br.com.kanban.TaskTest" time="0.015" errors="0" skipped="0">
  <properties>
[...]
</properties>
  <testcase classname="br.com.kanban.TaskTest" name="test_task_TRABALHANDO_avancando_para_EM_ESPERA" time="0.012"/>
  <testcase classname="br.com.kanban.TaskTest" name="test_task_ESPERANDO_regredindo_para_TRABALHANDO" time="0.003"/>
  <testcase classname="br.com.kanban.TaskTest" name="test_task_PARA_FAZER_avancando_para_TRABALHANDO" time="0"/>
  <testcase classname="br.com.kanban.TaskTest" name="test_task_EM_ESPERA_avancando_para_FEITO" time="0"/>
  <testcase classname="br.com.kanban.TaskTest" name="test_task_FEITO_regredindo_para_ESPERANDO" time="0"/>
  <testcase classname="br.com.kanban.TaskTest" name="test_task_TRABALHANDO_regredindo_para_PARA_FAZER" time="0"/>
</testsuite>